Using pre-set license
Built from '2021.3/staging' branch; Version is '2021.3.19f1 (c9714fde33b6) revision 13201743'; Using compiler version '192829333'; Build Type 'Release'
OS: 'Windows 10  (10.0.19045) 64bit Professional' Language: 'en' Physical Memory: 16243 MB
BatchMode: 1, IsHumanControllingUs: 0, StartBugReporterOnCrash: 0, Is64bit: 1, IsPro: 1

COMMAND LINE ARGUMENTS:
C:\Program Files\Unity\Hub\Editor\2021.3.19f1\Editor\Unity.exe
-adb2
-batchMode
-noUpm
-name
AssetImportWorker4
-projectPath
D:/Unity projects/VR-Room
-logFile
Logs/AssetImportWorker4.log
-srvPort
50028
Successfully changed project path to: D:/Unity projects/VR-Room
D:/Unity projects/VR-Room
[UnityMemory] Configuration Parameters - Can be set up in boot.config
    "memorysetup-bucket-allocator-granularity=16"
    "memorysetup-bucket-allocator-bucket-count=8"
    "memorysetup-bucket-allocator-block-size=33554432"
    "memorysetup-bucket-allocator-block-count=8"
    "memorysetup-main-allocator-block-size=16777216"
    "memorysetup-thread-allocator-block-size=16777216"
    "memorysetup-gfx-main-allocator-block-size=16777216"
    "memorysetup-gfx-thread-allocator-block-size=16777216"
    "memorysetup-cache-allocator-block-size=4194304"
    "memorysetup-typetree-allocator-block-size=2097152"
    "memorysetup-profiler-bucket-allocator-granularity=16"
    "memorysetup-profiler-bucket-allocator-bucket-count=8"
    "memorysetup-profiler-bucket-allocator-block-size=33554432"
    "memorysetup-profiler-bucket-allocator-block-count=8"
    "memorysetup-profiler-allocator-block-size=16777216"
    "memorysetup-profiler-editor-allocator-block-size=1048576"
    "memorysetup-temp-allocator-size-main=16777216"
    "memorysetup-job-temp-allocator-block-size=2097152"
    "memorysetup-job-temp-allocator-block-size-background=1048576"
    "memorysetup-job-temp-allocator-reduction-small-platforms=262144"
    "memorysetup-temp-allocator-size-background-worker=32768"
    "memorysetup-temp-allocator-size-job-worker=262144"
    "memorysetup-temp-allocator-size-preload-manager=33554432"
    "memorysetup-temp-allocator-size-nav-mesh-worker=65536"
    "memorysetup-temp-allocator-size-audio-worker=65536"
    "memorysetup-temp-allocator-size-cloud-worker=32768"
    "memorysetup-temp-allocator-size-gi-baking-worker=262144"
    "memorysetup-temp-allocator-size-gfx=262144"
Player connection [21944] Host "[IP] 192.168.1.94 [Port] 0 [Flags] 2 [Guid] 3726565566 [EditorId] 3726565566 [Version] 1048832 [Id] WindowsEditor(7,DESKTOP-FV7CQEF) [Debug] 1 [PackageName] WindowsEditor [ProjectName] Editor" joined multi-casting on [225.0.0.222:54997]...

Player connection [21944] Host "[IP] 192.168.1.94 [Port] 0 [Flags] 2 [Guid] 3726565566 [EditorId] 3726565566 [Version] 1048832 [Id] WindowsEditor(7,DESKTOP-FV7CQEF) [Debug] 1 [PackageName] WindowsEditor [ProjectName] Editor" joined alternative multi-casting on [225.0.0.222:34997]...

Refreshing native plugins compatible for Editor in 143.86 ms, found 12 plugins.
Preloading 1 native plugins for Editor in 1.10 ms.
Initialize engine version: 2021.3.19f1 (c9714fde33b6)
[Subsystems] Discovering subsystems at path C:/Program Files/Unity/Hub/Editor/2021.3.19f1/Editor/Data/Resources/UnitySubsystems
[Subsystems] Discovering subsystems at path D:/Unity projects/VR-Room/Assets
GfxDevice: creating device client; threaded=0; jobified=0
Direct3D:
    Version:  Direct3D 11.0 [level 11.1]
    Renderer: NVIDIA GeForce RTX 3060 (ID=0x2504)
    Vendor:   NVIDIA
    VRAM:     12129 MB
    Driver:   31.0.15.2756
Initialize mono
Mono path[0] = 'C:/Program Files/Unity/Hub/Editor/2021.3.19f1/Editor/Data/Managed'
Mono path[1] = 'C:/Program Files/Unity/Hub/Editor/2021.3.19f1/Editor/Data/MonoBleedingEdge/lib/mono/unityjit-win32'
Mono config path = 'C:/Program Files/Unity/Hub/Editor/2021.3.19f1/Editor/Data/MonoBleedingEdge/etc'
Using monoOptions --debugger-agent=transport=dt_socket,embedding=1,server=y,suspend=n,address=127.0.0.1:56208
Begin MonoManager ReloadAssembly
Registering precompiled unity dll's ...
Register platform support module: C:/Program Files/Unity/Hub/Editor/2021.3.19f1/Editor/Data/PlaybackEngines/WebGLSupport/UnityEditor.WebGL.Extensions.dll
Register platform support module: C:/Program Files/Unity/Hub/Editor/2021.3.19f1/Editor/Data/PlaybackEngines/AndroidPlayer/UnityEditor.Android.Extensions.dll
Register platform support module: C:/Program Files/Unity/Hub/Editor/2021.3.19f1/Editor/Data/PlaybackEngines/iOSSupport/UnityEditor.iOS.Extensions.dll
Register platform support module: C:/Program Files/Unity/Hub/Editor/2021.3.19f1/Editor/Data/PlaybackEngines/WindowsStandaloneSupport/UnityEditor.WindowsStandalone.Extensions.dll
Register platform support module: C:/Program Files/Unity/Hub/Editor/2021.3.19f1/Editor/Data/PlaybackEngines/MetroSupport/UnityEditor.UWP.Extensions.dll
Registered in 0.007126 seconds.
Native extension for UWP target not found
Native extension for WindowsStandalone target not found
[usbmuxd] Start listen thread
[usbmuxd] Listen thread started
Native extension for iOS target not found
Native extension for Android target not found
Android Extension - Scanning For ADB Devices 199 ms
Native extension for WebGL target not found
Refreshing native plugins compatible for Editor in 95.40 ms, found 12 plugins.
Preloading 1 native plugins for Editor in 0.04 ms.
Mono: successfully reloaded assembly
- Completed reload, in  0.768 seconds
Domain Reload Profiling:
	ReloadAssembly (768ms)
		BeginReloadAssembly (71ms)
			ExecutionOrderSort (0ms)
			DisableScriptedObjects (0ms)
			BackupInstance (0ms)
			ReleaseScriptingObjects (0ms)
			CreateAndSetChildDomain (1ms)
		EndReloadAssembly (601ms)
			LoadAssemblies (71ms)
			RebuildTransferFunctionScriptingTraits (0ms)
			SetupTypeCache (90ms)
			ReleaseScriptCaches (0ms)
			RebuildScriptCaches (21ms)
			SetupLoadedEditorAssemblies (448ms)
				LogAssemblyErrors (0ms)
				InitializePlatformSupportModulesInManaged (260ms)
				SetLoadedEditorAssemblies (0ms)
				RefreshPlugins (96ms)
				BeforeProcessingInitializeOnLoad (1ms)
				ProcessInitializeOnLoadAttributes (61ms)
				ProcessInitializeOnLoadMethodAttributes (29ms)
				AfterProcessingInitializeOnLoad (0ms)
				EditorAssembliesLoaded (0ms)
			ExecutionOrderSort2 (0ms)
			AwakeInstancesAfterBackupRestoration (0ms)
Platform modules already initialized, skipping
Registering precompiled user dll's ...
Registered in 0.004120 seconds.
Begin MonoManager ReloadAssembly
Native extension for UWP target not found
Native extension for WindowsStandalone target not found
Native extension for iOS target not found
Native extension for Android target not found
Native extension for WebGL target not found
Refreshing native plugins compatible for Editor in 94.39 ms, found 12 plugins.
Preloading 1 native plugins for Editor in 0.04 ms.
Package Manager log level set to [2]
System.Reflection.TargetInvocationException: Exception has been thrown by the target of an invocation. ---> System.NullReferenceException: Object reference not set to an instance of an object
  at Unity.XR.Oculus.OculusLoader.AssetPathToAbsolutePath (System.String assetPath) [0x0003d] in D:\Unity projects\VR-Room\Library\PackageCache\com.unity.xr.oculus@3.2.2\Runtime\OculusLoader.cs:296 
  at Unity.XR.Oculus.OculusLoader.EditorLoadOVRPlugin () [0x0007b] in D:\Unity projects\VR-Room\Library\PackageCache\com.unity.xr.oculus@3.2.2\Runtime\OculusLoader.cs:281 
  at (wrapper managed-to-native) System.Reflection.RuntimeMethodInfo.InternalInvoke(System.Reflection.RuntimeMethodInfo,object,object[],System.Exception&)
  at System.Reflection.RuntimeMethodInfo.Invoke (System.Object obj, System.Reflection.BindingFlags invokeAttr, System.Reflection.Binder binder, System.Object[] parameters, System.Globalization.CultureInfo culture) [0x0006a] in <03bd9b261dff4c2b8b568aca27f561b2>:0 
   --- End of inner exception stack trace ---
  at System.Reflection.RuntimeMethodInfo.Invoke (System.Object obj, System.Reflection.BindingFlags invokeAttr, System.Reflection.Binder binder, System.Object[] parameters, System.Globalization.CultureInfo culture) [0x00083] in <03bd9b261dff4c2b8b568aca27f561b2>:0 
  at System.Reflection.MethodBase.Invoke (System.Object obj, System.Object[] parameters) [0x00000] in <03bd9b261dff4c2b8b568aca27f561b2>:0 
  at UnityEditor.EditorAssemblies.ProcessInitializeOnLoadMethodAttributes () [0x000a5] in <7fef092428a04dc89d2aa6ad3ce5d856>:0 
UnityEngine.StackTraceUtility:ExtractStackTrace ()
UnityEngine.DebugLogHandler:LogFormat (UnityEngine.LogType,UnityEngine.Object,string,object[])
UnityEngine.Logger:Log (UnityEngine.LogType,object)
UnityEngine.Debug:LogError (object)
UnityEditor.EditorAssemblies:ProcessInitializeOnLoadMethodAttributes ()

Mono: successfully reloaded assembly
- Completed reload, in  1.164 seconds
Domain Reload Profiling:
	ReloadAssembly (1164ms)
		BeginReloadAssembly (83ms)
			ExecutionOrderSort (0ms)
			DisableScriptedObjects (4ms)
			BackupInstance (0ms)
			ReleaseScriptingObjects (0ms)
			CreateAndSetChildDomain (15ms)
		EndReloadAssembly (998ms)
			LoadAssemblies (72ms)
			RebuildTransferFunctionScriptingTraits (0ms)
			SetupTypeCache (251ms)
			ReleaseScriptCaches (1ms)
			RebuildScriptCaches (55ms)
			SetupLoadedEditorAssemblies (587ms)
				LogAssemblyErrors (0ms)
				InitializePlatformSupportModulesInManaged (21ms)
				SetLoadedEditorAssemblies (0ms)
				RefreshPlugins (94ms)
				BeforeProcessingInitializeOnLoad (87ms)
				ProcessInitializeOnLoadAttributes (301ms)
				ProcessInitializeOnLoadMethodAttributes (80ms)
				AfterProcessingInitializeOnLoad (4ms)
				EditorAssembliesLoaded (0ms)
			ExecutionOrderSort2 (0ms)
			AwakeInstancesAfterBackupRestoration (4ms)
Platform modules already initialized, skipping
========================================================================
Worker process is ready to serve import requests
Launched and connected shader compiler UnityShaderCompiler.exe after 0.03 seconds
Refreshing native plugins compatible for Editor in 0.94 ms, found 12 plugins.
Preloading 1 native plugins for Editor in 0.05 ms.
Unloading 6198 Unused Serialized files (Serialized files now loaded: 0)
Unloading 66 unused Assets / (0.7 MB). Loaded Objects now: 6688.
Memory consumption went from 246.0 MB to 245.3 MB.
Total: 3.137500 ms (FindLiveObjects: 0.312000 ms CreateObjectMapping: 0.272900 ms MarkObjects: 2.296000 ms  DeleteObjects: 0.255700 ms)

AssetImportParameters requested are different than current active one (requested -> active):
  custom:video-decoder-ogg-theora: a1e56fd34408186e4bbccfd4996cb3dc -> 
  custom:container-muxer-webm: aa71ff27fc2769a1b78a27578f13a17b -> 
  custom:container-demuxer-webm: 4f35f7cbe854078d1ac9338744f61a02 -> 
  custom:video-encoder-webm-vp8: eb34c28f22e8b96e1ab97ce403110664 -> 
  custom:audio-encoder-webm-vorbis: bf7c407c2cedff20999df2af8eb42d56 -> 
  custom:framework-win-MediaFoundation: 216162199b28c13a410421893ffa2e32 -> 
  custom:container-demuxer-ogg: 62fdf1f143b41e24485cea50d1cbac27 -> 
  custom:video-decoder-webm-vp8: 9c59270c3fd7afecdb556c50c9e8de78 -> 
  custom:audio-decoder-ogg-vorbis: bf7c407c2cedff20999df2af8eb42d56 -> 
========================================================================
Received Import Request.
  Time since last request: 8951.085760 seconds.
  path: Assets/VRTemplateAssets/Graphics/Post Process Volume Profile.asset
  artifactKey: Guid(12bd4b8ecc486d84b9e059255860c49b) Importer(815301076,1909f56bfc062723c751e8b465ee728b)
Start importing Assets/VRTemplateAssets/Graphics/Post Process Volume Profile.asset using Guid(12bd4b8ecc486d84b9e059255860c49b) Importer(815301076,1909f56bfc062723c751e8b465ee728b)  -> (artifact id: '651fe8b37af058272613db364b52fe64') in 0.047417 seconds 
========================================================================
Received Import Request.
  Time since last request: 2.074775 seconds.
  path: Assets/VRTemplateAssets/Graphics/Template Lighting Settings.lighting
  artifactKey: Guid(78151f5e58fb9f749bd5225f789faa27) Importer(815301076,1909f56bfc062723c751e8b465ee728b)
Start importing Assets/VRTemplateAssets/Graphics/Template Lighting Settings.lighting using Guid(78151f5e58fb9f749bd5225f789faa27) Importer(815301076,1909f56bfc062723c751e8b465ee728b) LightingSettings: switching bake backend from 1 to 2.
 -> (artifact id: 'b2e1b53c08dabb365b57341860ac4833') in 0.017814 seconds 
========================================================================
Received Import Request.
  Time since last request: 193.327245 seconds.
  path: Assets/ScifiOfficeLite/Meshes/Materials/Ground Mats/Epoxy/Epoxy Ground 20m.mat
  artifactKey: Guid(8deb5a21c783e7e469134e16e01686d1) Importer(815301076,1909f56bfc062723c751e8b465ee728b)
Start importing Assets/ScifiOfficeLite/Meshes/Materials/Ground Mats/Epoxy/Epoxy Ground 20m.mat using Guid(8deb5a21c783e7e469134e16e01686d1) Importer(815301076,1909f56bfc062723c751e8b465ee728b)  -> (artifact id: '4c1f1a8874421fe5d5d334bf1c0cdcd0') in 0.234365 seconds 
========================================================================
Received Import Request.
  Time since last request: 15.626067 seconds.
  path: Assets/ScifiOfficeLite/Meshes/Materials/Ground Mats/Epoxy/Epoxy Ground 20m.mat
  artifactKey: Guid(8deb5a21c783e7e469134e16e01686d1) Importer(815301076,1909f56bfc062723c751e8b465ee728b)
Start importing Assets/ScifiOfficeLite/Meshes/Materials/Ground Mats/Epoxy/Epoxy Ground 20m.mat using Guid(8deb5a21c783e7e469134e16e01686d1) Importer(815301076,1909f56bfc062723c751e8b465ee728b)  -> (artifact id: 'a1a1ee1a9c4a642c51242ae1cebe69ad') in 0.013942 seconds 
========================================================================
Received Prepare
Registering precompiled user dll's ...
Registered in 0.005410 seconds.
Begin MonoManager ReloadAssembly
Native extension for UWP target not found
Native extension for WindowsStandalone target not found
Native extension for iOS target not found
Native extension for Android target not found
Native extension for WebGL target not found
Refreshing native plugins compatible for Editor in 1.61 ms, found 12 plugins.
Preloading 1 native plugins for Editor in 0.08 ms.
System.Reflection.TargetInvocationException: Exception has been thrown by the target of an invocation. ---> System.NullReferenceException: Object reference not set to an instance of an object
  at Unity.XR.Oculus.OculusLoader.AssetPathToAbsolutePath (System.String assetPath) [0x0003d] in D:\Unity projects\VR-Room\Library\PackageCache\com.unity.xr.oculus@3.2.2\Runtime\OculusLoader.cs:296 
  at Unity.XR.Oculus.OculusLoader.EditorLoadOVRPlugin () [0x0007b] in D:\Unity projects\VR-Room\Library\PackageCache\com.unity.xr.oculus@3.2.2\Runtime\OculusLoader.cs:281 
  at (wrapper managed-to-native) System.Reflection.RuntimeMethodInfo.InternalInvoke(System.Reflection.RuntimeMethodInfo,object,object[],System.Exception&)
  at System.Reflection.RuntimeMethodInfo.Invoke (System.Object obj, System.Reflection.BindingFlags invokeAttr, System.Reflection.Binder binder, System.Object[] parameters, System.Globalization.CultureInfo culture) [0x0006a] in <03bd9b261dff4c2b8b568aca27f561b2>:0 
   --- End of inner exception stack trace ---
  at System.Reflection.RuntimeMethodInfo.Invoke (System.Object obj, System.Reflection.BindingFlags invokeAttr, System.Reflection.Binder binder, System.Object[] parameters, System.Globalization.CultureInfo culture) [0x00083] in <03bd9b261dff4c2b8b568aca27f561b2>:0 
  at System.Reflection.MethodBase.Invoke (System.Object obj, System.Object[] parameters) [0x00000] in <03bd9b261dff4c2b8b568aca27f561b2>:0 
  at UnityEditor.EditorAssemblies.ProcessInitializeOnLoadMethodAttributes () [0x000a5] in <7fef092428a04dc89d2aa6ad3ce5d856>:0 
UnityEngine.StackTraceUtility:ExtractStackTrace ()
UnityEngine.DebugLogHandler:LogFormat (UnityEngine.LogType,UnityEngine.Object,string,object[])
UnityEngine.Logger:Log (UnityEngine.LogType,object)
UnityEngine.Debug:LogError (object)
UnityEditor.EditorAssemblies:ProcessInitializeOnLoadMethodAttributes ()

Mono: successfully reloaded assembly
- Completed reload, in  1.240 seconds
Domain Reload Profiling:
	ReloadAssembly (1240ms)
		BeginReloadAssembly (137ms)
			ExecutionOrderSort (0ms)
			DisableScriptedObjects (5ms)
			BackupInstance (0ms)
			ReleaseScriptingObjects (0ms)
			CreateAndSetChildDomain (44ms)
		EndReloadAssembly (1020ms)
			LoadAssemblies (90ms)
			RebuildTransferFunctionScriptingTraits (0ms)
			SetupTypeCache (273ms)
			ReleaseScriptCaches (2ms)
			RebuildScriptCaches (39ms)
			SetupLoadedEditorAssemblies (529ms)
				LogAssemblyErrors (0ms)
				InitializePlatformSupportModulesInManaged (33ms)
				SetLoadedEditorAssemblies (0ms)
				RefreshPlugins (2ms)
				BeforeProcessingInitializeOnLoad (80ms)
				ProcessInitializeOnLoadAttributes (326ms)
				ProcessInitializeOnLoadMethodAttributes (82ms)
				AfterProcessingInitializeOnLoad (5ms)
				EditorAssembliesLoaded (0ms)
			ExecutionOrderSort2 (0ms)
			AwakeInstancesAfterBackupRestoration (11ms)
Platform modules already initialized, skipping
Refreshing native plugins compatible for Editor in 3.95 ms, found 12 plugins.
Preloading 1 native plugins for Editor in 0.05 ms.
Unloading 6043 Unused Serialized files (Serialized files now loaded: 0)
Unloading 56 unused Assets / (0.7 MB). Loaded Objects now: 6778.
Memory consumption went from 265.5 MB to 264.8 MB.
Total: 3.961200 ms (FindLiveObjects: 0.373500 ms CreateObjectMapping: 0.231000 ms MarkObjects: 3.085300 ms  DeleteObjects: 0.270300 ms)

AssetImportParameters requested are different than current active one (requested -> active):
  custom:video-decoder-ogg-theora: a1e56fd34408186e4bbccfd4996cb3dc -> 
  custom:container-muxer-webm: aa71ff27fc2769a1b78a27578f13a17b -> 
  custom:container-demuxer-webm: 4f35f7cbe854078d1ac9338744f61a02 -> 
  custom:video-encoder-webm-vp8: eb34c28f22e8b96e1ab97ce403110664 -> 
  custom:audio-encoder-webm-vorbis: bf7c407c2cedff20999df2af8eb42d56 -> 
  custom:framework-win-MediaFoundation: 216162199b28c13a410421893ffa2e32 -> 
  custom:container-demuxer-ogg: 62fdf1f143b41e24485cea50d1cbac27 -> 
  custom:video-decoder-webm-vp8: 9c59270c3fd7afecdb556c50c9e8de78 -> 
  custom:audio-decoder-ogg-vorbis: bf7c407c2cedff20999df2af8eb42d56 -> 
========================================================================
Received Import Request.
  Time since last request: 174.641635 seconds.
  path: Assets/SciFi Warehouse Kit/Art/Materials/Structure Trans Mat.mat
  artifactKey: Guid(8daecc76e81cf114c9854e9ee5a2526a) Importer(815301076,1909f56bfc062723c751e8b465ee728b)
Start importing Assets/SciFi Warehouse Kit/Art/Materials/Structure Trans Mat.mat using Guid(8daecc76e81cf114c9854e9ee5a2526a) Importer(815301076,1909f56bfc062723c751e8b465ee728b)  -> (artifact id: '5e4b0c4a32f91ee9cdea36689b484d4a') in 0.190495 seconds 
========================================================================
Received Import Request.
  Time since last request: 5.543427 seconds.
  path: Assets/SciFi Warehouse Kit/Art/Materials/Structure Trans Mat.mat
  artifactKey: Guid(8daecc76e81cf114c9854e9ee5a2526a) Importer(815301076,1909f56bfc062723c751e8b465ee728b)
Start importing Assets/SciFi Warehouse Kit/Art/Materials/Structure Trans Mat.mat using Guid(8daecc76e81cf114c9854e9ee5a2526a) Importer(815301076,1909f56bfc062723c751e8b465ee728b)  -> (artifact id: 'cc577c97c7e642486df53c67ede07146') in 0.033485 seconds 
========================================================================
Received Prepare
Registering precompiled user dll's ...
Registered in 0.003957 seconds.
Begin MonoManager ReloadAssembly
Native extension for UWP target not found
Native extension for WindowsStandalone target not found
Native extension for iOS target not found
Native extension for Android target not found
Native extension for WebGL target not found
Refreshing native plugins compatible for Editor in 1.07 ms, found 12 plugins.
Preloading 1 native plugins for Editor in 0.06 ms.
System.Reflection.TargetInvocationException: Exception has been thrown by the target of an invocation. ---> System.NullReferenceException: Object reference not set to an instance of an object
  at Unity.XR.Oculus.OculusLoader.AssetPathToAbsolutePath (System.String assetPath) [0x0003d] in D:\Unity projects\VR-Room\Library\PackageCache\com.unity.xr.oculus@3.2.2\Runtime\OculusLoader.cs:296 
  at Unity.XR.Oculus.OculusLoader.EditorLoadOVRPlugin () [0x0007b] in D:\Unity projects\VR-Room\Library\PackageCache\com.unity.xr.oculus@3.2.2\Runtime\OculusLoader.cs:281 
  at (wrapper managed-to-native) System.Reflection.RuntimeMethodInfo.InternalInvoke(System.Reflection.RuntimeMethodInfo,object,object[],System.Exception&)
  at System.Reflection.RuntimeMethodInfo.Invoke (System.Object obj, System.Reflection.BindingFlags invokeAttr, System.Reflection.Binder binder, System.Object[] parameters, System.Globalization.CultureInfo culture) [0x0006a] in <03bd9b261dff4c2b8b568aca27f561b2>:0 
   --- End of inner exception stack trace ---
  at System.Reflection.RuntimeMethodInfo.Invoke (System.Object obj, System.Reflection.BindingFlags invokeAttr, System.Reflection.Binder binder, System.Object[] parameters, System.Globalization.CultureInfo culture) [0x00083] in <03bd9b261dff4c2b8b568aca27f561b2>:0 
  at System.Reflection.MethodBase.Invoke (System.Object obj, System.Object[] parameters) [0x00000] in <03bd9b261dff4c2b8b568aca27f561b2>:0 
  at UnityEditor.EditorAssemblies.ProcessInitializeOnLoadMethodAttributes () [0x000a5] in <7fef092428a04dc89d2aa6ad3ce5d856>:0 
UnityEngine.StackTraceUtility:ExtractStackTrace ()
UnityEngine.DebugLogHandler:LogFormat (UnityEngine.LogType,UnityEngine.Object,string,object[])
UnityEngine.Logger:Log (UnityEngine.LogType,object)
UnityEngine.Debug:LogError (object)
UnityEditor.EditorAssemblies:ProcessInitializeOnLoadMethodAttributes ()

Mono: successfully reloaded assembly
- Completed reload, in  1.213 seconds
Domain Reload Profiling:
	ReloadAssembly (1214ms)
		BeginReloadAssembly (148ms)
			ExecutionOrderSort (0ms)
			DisableScriptedObjects (5ms)
			BackupInstance (0ms)
			ReleaseScriptingObjects (0ms)
			CreateAndSetChildDomain (53ms)
		EndReloadAssembly (988ms)
			LoadAssemblies (83ms)
			RebuildTransferFunctionScriptingTraits (0ms)
			SetupTypeCache (270ms)
			ReleaseScriptCaches (2ms)
			RebuildScriptCaches (43ms)
			SetupLoadedEditorAssemblies (516ms)
				LogAssemblyErrors (0ms)
				InitializePlatformSupportModulesInManaged (30ms)
				SetLoadedEditorAssemblies (0ms)
				RefreshPlugins (1ms)
				BeforeProcessingInitializeOnLoad (70ms)
				ProcessInitializeOnLoadAttributes (324ms)
				ProcessInitializeOnLoadMethodAttributes (84ms)
				AfterProcessingInitializeOnLoad (6ms)
				EditorAssembliesLoaded (0ms)
			ExecutionOrderSort2 (0ms)
			AwakeInstancesAfterBackupRestoration (13ms)
Platform modules already initialized, skipping
Refreshing native plugins compatible for Editor in 5.22 ms, found 12 plugins.
Preloading 1 native plugins for Editor in 0.06 ms.
Unloading 6043 Unused Serialized files (Serialized files now loaded: 0)
Unloading 56 unused Assets / (0.7 MB). Loaded Objects now: 6822.
Memory consumption went from 265.5 MB to 264.8 MB.
Total: 3.170000 ms (FindLiveObjects: 0.375000 ms CreateObjectMapping: 0.205000 ms MarkObjects: 2.334800 ms  DeleteObjects: 0.254200 ms)

AssetImportParameters requested are different than current active one (requested -> active):
  custom:video-decoder-ogg-theora: a1e56fd34408186e4bbccfd4996cb3dc -> 
  custom:container-muxer-webm: aa71ff27fc2769a1b78a27578f13a17b -> 
  custom:container-demuxer-webm: 4f35f7cbe854078d1ac9338744f61a02 -> 
  custom:video-encoder-webm-vp8: eb34c28f22e8b96e1ab97ce403110664 -> 
  custom:audio-encoder-webm-vorbis: bf7c407c2cedff20999df2af8eb42d56 -> 
  custom:framework-win-MediaFoundation: 216162199b28c13a410421893ffa2e32 -> 
  custom:container-demuxer-ogg: 62fdf1f143b41e24485cea50d1cbac27 -> 
  custom:video-decoder-webm-vp8: 9c59270c3fd7afecdb556c50c9e8de78 -> 
  custom:audio-decoder-ogg-vorbis: bf7c407c2cedff20999df2af8eb42d56 -> 
========================================================================
Received Prepare
Registering precompiled user dll's ...
Registered in 0.003946 seconds.
Begin MonoManager ReloadAssembly
Native extension for UWP target not found
Native extension for WindowsStandalone target not found
Native extension for iOS target not found
Native extension for Android target not found
Native extension for WebGL target not found
Refreshing native plugins compatible for Editor in 0.97 ms, found 12 plugins.
Preloading 1 native plugins for Editor in 0.05 ms.
System.Reflection.TargetInvocationException: Exception has been thrown by the target of an invocation. ---> System.NullReferenceException: Object reference not set to an instance of an object
  at Unity.XR.Oculus.OculusLoader.AssetPathToAbsolutePath (System.String assetPath) [0x0003d] in D:\Unity projects\VR-Room\Library\PackageCache\com.unity.xr.oculus@3.2.2\Runtime\OculusLoader.cs:296 
  at Unity.XR.Oculus.OculusLoader.EditorLoadOVRPlugin () [0x0007b] in D:\Unity projects\VR-Room\Library\PackageCache\com.unity.xr.oculus@3.2.2\Runtime\OculusLoader.cs:281 
  at (wrapper managed-to-native) System.Reflection.RuntimeMethodInfo.InternalInvoke(System.Reflection.RuntimeMethodInfo,object,object[],System.Exception&)
  at System.Reflection.RuntimeMethodInfo.Invoke (System.Object obj, System.Reflection.BindingFlags invokeAttr, System.Reflection.Binder binder, System.Object[] parameters, System.Globalization.CultureInfo culture) [0x0006a] in <03bd9b261dff4c2b8b568aca27f561b2>:0 
   --- End of inner exception stack trace ---
  at System.Reflection.RuntimeMethodInfo.Invoke (System.Object obj, System.Reflection.BindingFlags invokeAttr, System.Reflection.Binder binder, System.Object[] parameters, System.Globalization.CultureInfo culture) [0x00083] in <03bd9b261dff4c2b8b568aca27f561b2>:0 
  at System.Reflection.MethodBase.Invoke (System.Object obj, System.Object[] parameters) [0x00000] in <03bd9b261dff4c2b8b568aca27f561b2>:0 
  at UnityEditor.EditorAssemblies.ProcessInitializeOnLoadMethodAttributes () [0x000a5] in <7fef092428a04dc89d2aa6ad3ce5d856>:0 
UnityEngine.StackTraceUtility:ExtractStackTrace ()
UnityEngine.DebugLogHandler:LogFormat (UnityEngine.LogType,UnityEngine.Object,string,object[])
UnityEngine.Logger:Log (UnityEngine.LogType,object)
UnityEngine.Debug:LogError (object)
UnityEditor.EditorAssemblies:ProcessInitializeOnLoadMethodAttributes ()

Mono: successfully reloaded assembly
- Completed reload, in  1.141 seconds
Domain Reload Profiling:
	ReloadAssembly (1141ms)
		BeginReloadAssembly (122ms)
			ExecutionOrderSort (0ms)
			DisableScriptedObjects (4ms)
			BackupInstance (0ms)
			ReleaseScriptingObjects (0ms)
			CreateAndSetChildDomain (39ms)
		EndReloadAssembly (943ms)
			LoadAssemblies (80ms)
			RebuildTransferFunctionScriptingTraits (0ms)
			SetupTypeCache (254ms)
			ReleaseScriptCaches (2ms)
			RebuildScriptCaches (34ms)
			SetupLoadedEditorAssemblies (437ms)
				LogAssemblyErrors (0ms)
				InitializePlatformSupportModulesInManaged (26ms)
				SetLoadedEditorAssemblies (0ms)
				RefreshPlugins (1ms)
				BeforeProcessingInitializeOnLoad (60ms)
				ProcessInitializeOnLoadAttributes (270ms)
				ProcessInitializeOnLoadMethodAttributes (75ms)
				AfterProcessingInitializeOnLoad (5ms)
				EditorAssembliesLoaded (0ms)
			ExecutionOrderSort2 (0ms)
			AwakeInstancesAfterBackupRestoration (11ms)
Platform modules already initialized, skipping
Refreshing native plugins compatible for Editor in 3.45 ms, found 12 plugins.
Preloading 1 native plugins for Editor in 0.04 ms.
Unloading 6044 Unused Serialized files (Serialized files now loaded: 0)
Unloading 56 unused Assets / (0.7 MB). Loaded Objects now: 6826.
Memory consumption went from 265.6 MB to 264.9 MB.
Total: 3.907000 ms (FindLiveObjects: 0.336900 ms CreateObjectMapping: 0.209500 ms MarkObjects: 3.091800 ms  DeleteObjects: 0.268100 ms)

AssetImportParameters requested are different than current active one (requested -> active):
  custom:video-decoder-ogg-theora: a1e56fd34408186e4bbccfd4996cb3dc -> 
  custom:container-muxer-webm: aa71ff27fc2769a1b78a27578f13a17b -> 
  custom:container-demuxer-webm: 4f35f7cbe854078d1ac9338744f61a02 -> 
  custom:video-encoder-webm-vp8: eb34c28f22e8b96e1ab97ce403110664 -> 
  custom:audio-encoder-webm-vorbis: bf7c407c2cedff20999df2af8eb42d56 -> 
  custom:framework-win-MediaFoundation: 216162199b28c13a410421893ffa2e32 -> 
  custom:container-demuxer-ogg: 62fdf1f143b41e24485cea50d1cbac27 -> 
  custom:video-decoder-webm-vp8: 9c59270c3fd7afecdb556c50c9e8de78 -> 
  custom:audio-decoder-ogg-vorbis: bf7c407c2cedff20999df2af8eb42d56 -> 
========================================================================
Received Import Request.
  Time since last request: 2181.431864 seconds.
  path: Assets/SciFi Warehouse Kit/Art/Textures/ducts_pillars_n.png
  artifactKey: Guid(f6ec68a6be89a9841bf20be75db234d6) Importer(815301076,1909f56bfc062723c751e8b465ee728b)
Start importing Assets/SciFi Warehouse Kit/Art/Textures/ducts_pillars_n.png using Guid(f6ec68a6be89a9841bf20be75db234d6) Importer(815301076,1909f56bfc062723c751e8b465ee728b)  -> (artifact id: '084caca42524ddacdb746bb46a3f70f7') in 0.131685 seconds 
========================================================================
Received Import Request.
  Time since last request: 0.000038 seconds.
  path: Assets/SciFi Warehouse Kit/Prefabs/Structures/Pillars and Beams/Pillar.prefab
  artifactKey: Guid(811bf22db94faad418fb6fdfffe14569) Importer(815301076,1909f56bfc062723c751e8b465ee728b)
Start importing Assets/SciFi Warehouse Kit/Prefabs/Structures/Pillars and Beams/Pillar.prefab using Guid(811bf22db94faad418fb6fdfffe14569) Importer(815301076,1909f56bfc062723c751e8b465ee728b)  -> (artifact id: '6baf5381b3e3a3c2217613308694ef56') in 0.184322 seconds 
========================================================================
Received Import Request.
  Time since last request: 0.000046 seconds.
  path: Assets/ScifiOfficeLite/Meshes/Walls/Wall Pillar 3.FBX
  artifactKey: Guid(4d5d0a66e903ea14e8c955eb7d88c2dc) Importer(815301076,1909f56bfc062723c751e8b465ee728b)
Start importing Assets/ScifiOfficeLite/Meshes/Walls/Wall Pillar 3.FBX using Guid(4d5d0a66e903ea14e8c955eb7d88c2dc) Importer(815301076,1909f56bfc062723c751e8b465ee728b)  -> (artifact id: 'e8e23c26d6f8feeaed9e6152e63f9ac3') in 0.082068 seconds 
========================================================================
Received Import Request.
  Time since last request: 2.816095 seconds.
  path: Assets/SciFi Warehouse Kit/Art/Meshes/Structures/Catwalk/Catwalk Pillar 03.fbx
  artifactKey: Guid(3fc400239d07ab342a3ffee1b8cb99c3) Importer(815301076,1909f56bfc062723c751e8b465ee728b)
Start importing Assets/SciFi Warehouse Kit/Art/Meshes/Structures/Catwalk/Catwalk Pillar 03.fbx using Guid(3fc400239d07ab342a3ffee1b8cb99c3) Importer(815301076,1909f56bfc062723c751e8b465ee728b)  -> (artifact id: 'de11a9d9eb8d6492bfc550db66c58893') in 0.067011 seconds 
========================================================================
Received Import Request.
  Time since last request: 0.000051 seconds.
  path: Assets/SciFi Warehouse Kit/Art/Textures/ducts_pillars_a.png
  artifactKey: Guid(dd620208d7a733241a70fafa5ae00956) Importer(815301076,1909f56bfc062723c751e8b465ee728b)
Start importing Assets/SciFi Warehouse Kit/Art/Textures/ducts_pillars_a.png using Guid(dd620208d7a733241a70fafa5ae00956) Importer(815301076,1909f56bfc062723c751e8b465ee728b)  -> (artifact id: '658927a00e2785f6d550fbae241373d0') in 0.013379 seconds 
========================================================================
Received Import Request.
  Time since last request: 0.000028 seconds.
  path: Assets/SciFi Warehouse Kit/Art/Meshes/Structures/Catwalk/Catwalk Pillar Rails.fbx
  artifactKey: Guid(5a4645c9d2fbfc64a8e636733c22e176) Importer(815301076,1909f56bfc062723c751e8b465ee728b)
Start importing Assets/SciFi Warehouse Kit/Art/Meshes/Structures/Catwalk/Catwalk Pillar Rails.fbx using Guid(5a4645c9d2fbfc64a8e636733c22e176) Importer(815301076,1909f56bfc062723c751e8b465ee728b)  -> (artifact id: 'abf2492eca71b3a2155d90fc44cb222f') in 0.052366 seconds 
========================================================================
Received Import Request.
  Time since last request: 0.000027 seconds.
  path: Assets/SciFi Warehouse Kit/Prefabs/Structures/Catwalk/Catwalk Pillar Rails.prefab
  artifactKey: Guid(f533d3129260fec48aa145b87c3c9da9) Importer(815301076,1909f56bfc062723c751e8b465ee728b)
Start importing Assets/SciFi Warehouse Kit/Prefabs/Structures/Catwalk/Catwalk Pillar Rails.prefab using Guid(f533d3129260fec48aa145b87c3c9da9) Importer(815301076,1909f56bfc062723c751e8b465ee728b)  -> (artifact id: '126e6e417feaed25f3d6d411d364d6dd') in 0.026355 seconds 
========================================================================
Received Import Request.
  Time since last request: 0.000039 seconds.
  path: Assets/SciFi Warehouse Kit/Prefabs/Structures/Catwalk/Catwalk Pillar 01.prefab
  artifactKey: Guid(725564bae3f68e847ad41c0da4390174) Importer(815301076,1909f56bfc062723c751e8b465ee728b)
Start importing Assets/SciFi Warehouse Kit/Prefabs/Structures/Catwalk/Catwalk Pillar 01.prefab using Guid(725564bae3f68e847ad41c0da4390174) Importer(815301076,1909f56bfc062723c751e8b465ee728b)  -> (artifact id: '9de633add26fdc42f821a1a721d4d296') in 0.023824 seconds 
========================================================================
Received Import Request.
  Time since last request: 0.000044 seconds.
  path: Assets/SciFi Warehouse Kit/Art/Meshes/Structures/Catwalk/Catwalk Pillar 02.fbx
  artifactKey: Guid(5b5b79d7bf468d14999a15ed364a36e8) Importer(815301076,1909f56bfc062723c751e8b465ee728b)
Start importing Assets/SciFi Warehouse Kit/Art/Meshes/Structures/Catwalk/Catwalk Pillar 02.fbx using Guid(5b5b79d7bf468d14999a15ed364a36e8) Importer(815301076,1909f56bfc062723c751e8b465ee728b)  -> (artifact id: '01ed2f64974209f14c14f76f8e7af40e') in 0.026852 seconds 
========================================================================
Received Import Request.
  Time since last request: 7427.899230 seconds.
  path: Assets/SciFi Warehouse Kit/Art/Materials/Dune Skybox.mat
  artifactKey: Guid(a84eefbbeb2520d429b34ca8ea6b235f) Importer(815301076,1909f56bfc062723c751e8b465ee728b)
Start importing Assets/SciFi Warehouse Kit/Art/Materials/Dune Skybox.mat using Guid(a84eefbbeb2520d429b34ca8ea6b235f) Importer(815301076,1909f56bfc062723c751e8b465ee728b)  -> (artifact id: '63358a69a1b4ee62ab6448762ccf5c59') in 0.331661 seconds 
========================================================================
Received Import Request.
  Time since last request: 0.000085 seconds.
  path: Assets/SciFi Warehouse Kit/Art/Materials/Garbage Bin Mat.mat
  artifactKey: Guid(2bada83e0fc35ed4ebab359f1ef10417) Importer(815301076,1909f56bfc062723c751e8b465ee728b)
Start importing Assets/SciFi Warehouse Kit/Art/Materials/Garbage Bin Mat.mat using Guid(2bada83e0fc35ed4ebab359f1ef10417) Importer(815301076,1909f56bfc062723c751e8b465ee728b)  -> (artifact id: 'b0891fbd78956f2481df292f3157aed8') in 0.099665 seconds 
========================================================================
Received Import Request.
  Time since last request: 0.000035 seconds.
  path: Assets/SciFi Warehouse Kit/Art/Materials/Fan Mat.mat
  artifactKey: Guid(f2506252823082947ac9c5bd934e0ba4) Importer(815301076,1909f56bfc062723c751e8b465ee728b)
Start importing Assets/SciFi Warehouse Kit/Art/Materials/Fan Mat.mat using Guid(f2506252823082947ac9c5bd934e0ba4) Importer(815301076,1909f56bfc062723c751e8b465ee728b)  -> (artifact id: 'ceafd0c9fd5287c4a76b8243f75f4a66') in 0.095531 seconds 
========================================================================
Received Import Request.
  Time since last request: 0.000024 seconds.
  path: Assets/SciFi Warehouse Kit/Art/Materials/Floor Tile Mat.mat
  artifactKey: Guid(aa382976d563168409ce37158855f22a) Importer(815301076,1909f56bfc062723c751e8b465ee728b)
Start importing Assets/SciFi Warehouse Kit/Art/Materials/Floor Tile Mat.mat using Guid(aa382976d563168409ce37158855f22a) Importer(815301076,1909f56bfc062723c751e8b465ee728b)  -> (artifact id: '5a7e33fb1f2ec3eb2ff5cab8e1974111') in 0.045653 seconds 
========================================================================
Received Import Request.
  Time since last request: 0.000023 seconds.
  path: Assets/SciFi Warehouse Kit/Art/Materials/Light Colored Mat.mat
  artifactKey: Guid(367e87b4150214b41963e70ca94a8f27) Importer(815301076,1909f56bfc062723c751e8b465ee728b)
Start importing Assets/SciFi Warehouse Kit/Art/Materials/Light Colored Mat.mat using Guid(367e87b4150214b41963e70ca94a8f27) Importer(815301076,1909f56bfc062723c751e8b465ee728b)  -> (artifact id: '122f2cc60560b9ea3ad0c140c3d35da2') in 0.033852 seconds 
========================================================================
Received Import Request.
  Time since last request: 0.377871 seconds.
  path: Assets/SciFi Warehouse Kit/Art/Materials/Barrel Mat.mat
  artifactKey: Guid(f3a4fc37985dd274bb359bdfade8159f) Importer(815301076,1909f56bfc062723c751e8b465ee728b)
Start importing Assets/SciFi Warehouse Kit/Art/Materials/Barrel Mat.mat using Guid(f3a4fc37985dd274bb359bdfade8159f) Importer(815301076,1909f56bfc062723c751e8b465ee728b)  -> (artifact id: '0a1c20f883eb492d9bd14ac82d283df5') in 0.047948 seconds 
========================================================================
Received Import Request.
  Time since last request: 0.000032 seconds.
  path: Assets/SciFi Warehouse Kit/Art/Materials/Bay Door Mat.mat
  artifactKey: Guid(539deafe5793ec347a4a6f6754e3393c) Importer(815301076,1909f56bfc062723c751e8b465ee728b)
Start importing Assets/SciFi Warehouse Kit/Art/Materials/Bay Door Mat.mat using Guid(539deafe5793ec347a4a6f6754e3393c) Importer(815301076,1909f56bfc062723c751e8b465ee728b)  -> (artifact id: 'e4127a8c0e3fb3ac9089a5dab442b3b3') in 0.052092 seconds 
========================================================================
Received Import Request.
  Time since last request: 0.000036 seconds.
  path: Assets/SciFi Warehouse Kit/Art/Materials/Crate Long Mat.mat
  artifactKey: Guid(56398f210688660468158fcbde7b8bfd) Importer(815301076,1909f56bfc062723c751e8b465ee728b)
Start importing Assets/SciFi Warehouse Kit/Art/Materials/Crate Long Mat.mat using Guid(56398f210688660468158fcbde7b8bfd) Importer(815301076,1909f56bfc062723c751e8b465ee728b)  -> (artifact id: '050106f038e26afd88c71aed7e5265af') in 0.039366 seconds 
========================================================================
Received Import Request.
  Time since last request: 311.342664 seconds.
  path: Assets/SciFi Warehouse Kit/Art/Meshes/Structures/Catwalk/Short Stairs.fbx
  artifactKey: Guid(66efbdba25775854a96fa31f4e19368f) Importer(815301076,1909f56bfc062723c751e8b465ee728b)
Start importing Assets/SciFi Warehouse Kit/Art/Meshes/Structures/Catwalk/Short Stairs.fbx using Guid(66efbdba25775854a96fa31f4e19368f) Importer(815301076,1909f56bfc062723c751e8b465ee728b)  -> (artifact id: '687fbfb5dc715b676af16597ae3ce0cf') in 0.094415 seconds 
========================================================================
Received Import Request.
  Time since last request: 0.000031 seconds.
  path: Assets/SciFi Warehouse Kit/Demo/Audio/SFX/enginestart.wav
  artifactKey: Guid(ec5ec348a6635df45b23a70c45d3ae7a) Importer(815301076,1909f56bfc062723c751e8b465ee728b)
Start importing Assets/SciFi Warehouse Kit/Demo/Audio/SFX/enginestart.wav using Guid(ec5ec348a6635df45b23a70c45d3ae7a) Importer(815301076,1909f56bfc062723c751e8b465ee728b)  -> (artifact id: '8012cbcc5aa8329177e80ed7e440c8f3') in 0.140211 seconds 
========================================================================
Received Import Request.
  Time since last request: 0.000049 seconds.
  path: Assets/SciFi Warehouse Kit/Art/Meshes/Structures/Catwalk/CatWalk Stairs Wide.fbx
  artifactKey: Guid(f166f60cc0fa7d344b41aa4d7a0c6cd7) Importer(815301076,1909f56bfc062723c751e8b465ee728b)
Start importing Assets/SciFi Warehouse Kit/Art/Meshes/Structures/Catwalk/CatWalk Stairs Wide.fbx using Guid(f166f60cc0fa7d344b41aa4d7a0c6cd7) Importer(815301076,1909f56bfc062723c751e8b465ee728b)  -> (artifact id: '74722bc3b9a870def88a943060d4e4cb') in 0.052262 seconds 
========================================================================
Received Import Request.
  Time since last request: 0.074466 seconds.
  path: Assets/Samples/XR Interaction Toolkit/2.5.2/Starter Assets/Editor/Unity.XR.Interaction.Toolkit.Samples.StarterAssets.Editor.asmdef
  artifactKey: Guid(9233538b711383d449a485633568d17c) Importer(815301076,1909f56bfc062723c751e8b465ee728b)
Start importing Assets/Samples/XR Interaction Toolkit/2.5.2/Starter Assets/Editor/Unity.XR.Interaction.Toolkit.Samples.StarterAssets.Editor.asmdef using Guid(9233538b711383d449a485633568d17c) Importer(815301076,1909f56bfc062723c751e8b465ee728b)  -> (artifact id: '741814bb4a0a634ff5144428fe7c84da') in 0.007056 seconds 
========================================================================
Received Import Request.
  Time since last request: 25.620132 seconds.
  path: Assets/VRTemplateAssets/Sprites/UI/Circle_60x60 Outline 4.png
  artifactKey: Guid(ac11a0f708f466246a121e038d4b6755) Importer(815301076,1909f56bfc062723c751e8b465ee728b)
Start importing Assets/VRTemplateAssets/Sprites/UI/Circle_60x60 Outline 4.png using Guid(ac11a0f708f466246a121e038d4b6755) Importer(815301076,1909f56bfc062723c751e8b465ee728b)  -> (artifact id: '9b2f9c5f3237e632366fa9b7dc978602') in 0.080190 seconds 
========================================================================
Received Import Request.
  Time since last request: 0.000037 seconds.
  path: Assets/VRTemplateAssets/Sprites/UI/Circle_60x60_Vertical.png
  artifactKey: Guid(83d67d78424a7e24fa4bef36e1e32541) Importer(815301076,1909f56bfc062723c751e8b465ee728b)
Start importing Assets/VRTemplateAssets/Sprites/UI/Circle_60x60_Vertical.png using Guid(83d67d78424a7e24fa4bef36e1e32541) Importer(815301076,1909f56bfc062723c751e8b465ee728b)  -> (artifact id: '12b9f466aa2d6462abb9bbb2fbb3bd1c') in 0.020475 seconds 
========================================================================
Received Import Request.
  Time since last request: 0.000028 seconds.
  path: Assets/VRTemplateAssets/Sprites/UI/Joystick Segment.png
  artifactKey: Guid(54baed6400621ff4b8670b6116af054e) Importer(815301076,1909f56bfc062723c751e8b465ee728b)
Start importing Assets/VRTemplateAssets/Sprites/UI/Joystick Segment.png using Guid(54baed6400621ff4b8670b6116af054e) Importer(815301076,1909f56bfc062723c751e8b465ee728b)  -> (artifact id: '3ef5c51198b4c26b7888c73224df4a57') in 0.050264 seconds 
========================================================================
Received Import Request.
  Time since last request: 0.000037 seconds.
  path: Assets/VRTemplateAssets/Sprites/UI/Joystick BG.png
  artifactKey: Guid(9fe4f9eb838ecb4419917ae68007ca2d) Importer(815301076,1909f56bfc062723c751e8b465ee728b)
Start importing Assets/VRTemplateAssets/Sprites/UI/Joystick BG.png using Guid(9fe4f9eb838ecb4419917ae68007ca2d) Importer(815301076,1909f56bfc062723c751e8b465ee728b)  -> (artifact id: '286e0db6400470b61ee2beb2f3cdf626') in 0.032891 seconds 
========================================================================
Received Import Request.
  Time since last request: 117.755751 seconds.
  path: Assets/VRTemplateAssets/Sprites/Icons/Checkmark.png
  artifactKey: Guid(4aafc51823472ec4ea8ab57045fb659a) Importer(815301076,1909f56bfc062723c751e8b465ee728b)
Start importing Assets/VRTemplateAssets/Sprites/Icons/Checkmark.png using Guid(4aafc51823472ec4ea8ab57045fb659a) Importer(815301076,1909f56bfc062723c751e8b465ee728b)  -> (artifact id: '536a2cd702b8bc93378cf472c8ce4b21') in 0.020410 seconds 
========================================================================
Received Import Request.
  Time since last request: 0.000033 seconds.
  path: Assets/VRTemplateAssets/Sprites/Icons/Pause.png
  artifactKey: Guid(5f4d26dedc364e74d880a7125d57119c) Importer(815301076,1909f56bfc062723c751e8b465ee728b)
Start importing Assets/VRTemplateAssets/Sprites/Icons/Pause.png using Guid(5f4d26dedc364e74d880a7125d57119c) Importer(815301076,1909f56bfc062723c751e8b465ee728b)  -> (artifact id: '9710224fabfdef21011fde0694c69f5c') in 0.021108 seconds 
========================================================================
Received Import Request.
  Time since last request: 0.000031 seconds.
  path: Assets/VRTemplateAssets/Sprites/Icons/Scroll Right.png
  artifactKey: Guid(639b00403a9c1cf4884b495c00168283) Importer(815301076,1909f56bfc062723c751e8b465ee728b)
Start importing Assets/VRTemplateAssets/Sprites/Icons/Scroll Right.png using Guid(639b00403a9c1cf4884b495c00168283) Importer(815301076,1909f56bfc062723c751e8b465ee728b)  -> (artifact id: '3b2a7d8e63fd03a059ef098b2e475577') in 0.017571 seconds 
========================================================================
Received Import Request.
  Time since last request: 0.000032 seconds.
  path: Assets/VRTemplateAssets/Sprites/Icons/Scroll Down.png
  artifactKey: Guid(40f7736bf48a1d94cac651cb532e4767) Importer(815301076,1909f56bfc062723c751e8b465ee728b)
Start importing Assets/VRTemplateAssets/Sprites/Icons/Scroll Down.png using Guid(40f7736bf48a1d94cac651cb532e4767) Importer(815301076,1909f56bfc062723c751e8b465ee728b)  -> (artifact id: '20ce8e8f821cf8668f17107024f66bce') in 0.017232 seconds 
========================================================================
Received Import Request.
  Time since last request: 0.000033 seconds.
  path: Assets/VRTemplateAssets/Sprites/Icons/Scroll Up.png
  artifactKey: Guid(976e28fd05dde91429107e5f857f3c89) Importer(815301076,1909f56bfc062723c751e8b465ee728b)
Start importing Assets/VRTemplateAssets/Sprites/Icons/Scroll Up.png using Guid(976e28fd05dde91429107e5f857f3c89) Importer(815301076,1909f56bfc062723c751e8b465ee728b)  -> (artifact id: 'eb896b8837f87d9f557750e78f813332') in 0.016451 seconds 
========================================================================
Received Import Request.
  Time since last request: 0.000056 seconds.
  path: Assets/VRTemplateAssets/Sprites/Icons/Scroll Left.png
  artifactKey: Guid(3708b1d8e45366b489c18df71670cecd) Importer(815301076,1909f56bfc062723c751e8b465ee728b)
Start importing Assets/VRTemplateAssets/Sprites/Icons/Scroll Left.png using Guid(3708b1d8e45366b489c18df71670cecd) Importer(815301076,1909f56bfc062723c751e8b465ee728b)  -> (artifact id: '7e27b2b0b850a1bcd5e12965f8ea1720') in 0.016225 seconds 
Editor requested this worker to shutdown with reason: Scaling down because of idle timeout
AssetImportWorker is now disconnected from the server
Process exiting
Exiting without the bug reporter. Application will terminate with return code 0