Using pre-set license
Built from '2021.3/staging' branch; Version is '2021.3.19f1 (c9714fde33b6) revision 13201743'; Using compiler version '192829333'; Build Type 'Release'
OS: 'Windows 10  (10.0.19045) 64bit Professional' Language: 'en' Physical Memory: 16243 MB
BatchMode: 1, IsHumanControllingUs: 0, StartBugReporterOnCrash: 0, Is64bit: 1, IsPro: 1

COMMAND LINE ARGUMENTS:
C:\Program Files\Unity\Hub\Editor\2021.3.19f1\Editor\Unity.exe
-adb2
-batchMode
-noUpm
-name
AssetImportWorker1
-projectPath
D:/Unity projects/VR-Room
-logFile
Logs/AssetImportWorker1.log
-srvPort
61964
Successfully changed project path to: D:/Unity projects/VR-Room
D:/Unity projects/VR-Room
[UnityMemory] Configuration Parameters - Can be set up in boot.config
    "memorysetup-bucket-allocator-granularity=16"
    "memorysetup-bucket-allocator-bucket-count=8"
    "memorysetup-bucket-allocator-block-size=33554432"
    "memorysetup-bucket-allocator-block-count=8"
    "memorysetup-main-allocator-block-size=16777216"
    "memorysetup-thread-allocator-block-size=16777216"
    "memorysetup-gfx-main-allocator-block-size=16777216"
    "memorysetup-gfx-thread-allocator-block-size=16777216"
    "memorysetup-cache-allocator-block-size=4194304"
    "memorysetup-typetree-allocator-block-size=2097152"
    "memorysetup-profiler-bucket-allocator-granularity=16"
    "memorysetup-profiler-bucket-allocator-bucket-count=8"
    "memorysetup-profiler-bucket-allocator-block-size=33554432"
    "memorysetup-profiler-bucket-allocator-block-count=8"
    "memorysetup-profiler-allocator-block-size=16777216"
    "memorysetup-profiler-editor-allocator-block-size=1048576"
    "memorysetup-temp-allocator-size-main=16777216"
    "memorysetup-job-temp-allocator-block-size=2097152"
    "memorysetup-job-temp-allocator-block-size-background=1048576"
    "memorysetup-job-temp-allocator-reduction-small-platforms=262144"
    "memorysetup-temp-allocator-size-background-worker=32768"
    "memorysetup-temp-allocator-size-job-worker=262144"
    "memorysetup-temp-allocator-size-preload-manager=33554432"
    "memorysetup-temp-allocator-size-nav-mesh-worker=65536"
    "memorysetup-temp-allocator-size-audio-worker=65536"
    "memorysetup-temp-allocator-size-cloud-worker=32768"
    "memorysetup-temp-allocator-size-gi-baking-worker=262144"
    "memorysetup-temp-allocator-size-gfx=262144"
Player connection [9848] Host "[IP] 192.168.1.94 [Port] 0 [Flags] 2 [Guid] 2775819531 [EditorId] 2775819531 [Version] 1048832 [Id] WindowsEditor(7,DESKTOP-FV7CQEF) [Debug] 1 [PackageName] WindowsEditor [ProjectName] Editor" joined multi-casting on [225.0.0.222:54997]...

Player connection [9848] Host "[IP] 192.168.1.94 [Port] 0 [Flags] 2 [Guid] 2775819531 [EditorId] 2775819531 [Version] 1048832 [Id] WindowsEditor(7,DESKTOP-FV7CQEF) [Debug] 1 [PackageName] WindowsEditor [ProjectName] Editor" joined alternative multi-casting on [225.0.0.222:34997]...

Refreshing native plugins compatible for Editor in 88.10 ms, found 12 plugins.
Preloading 1 native plugins for Editor in 0.34 ms.
Initialize engine version: 2021.3.19f1 (c9714fde33b6)
[Subsystems] Discovering subsystems at path C:/Program Files/Unity/Hub/Editor/2021.3.19f1/Editor/Data/Resources/UnitySubsystems
[Subsystems] Discovering subsystems at path D:/Unity projects/VR-Room/Assets
GfxDevice: creating device client; threaded=0; jobified=0
Direct3D:
    Version:  Direct3D 11.0 [level 11.1]
    Renderer: NVIDIA GeForce RTX 3060 (ID=0x2504)
    Vendor:   NVIDIA
    VRAM:     12129 MB
    Driver:   31.0.15.2756
Initialize mono
Mono path[0] = 'C:/Program Files/Unity/Hub/Editor/2021.3.19f1/Editor/Data/Managed'
Mono path[1] = 'C:/Program Files/Unity/Hub/Editor/2021.3.19f1/Editor/Data/MonoBleedingEdge/lib/mono/unityjit-win32'
Mono config path = 'C:/Program Files/Unity/Hub/Editor/2021.3.19f1/Editor/Data/MonoBleedingEdge/etc'
Using monoOptions --debugger-agent=transport=dt_socket,embedding=1,server=y,suspend=n,address=127.0.0.1:56068
Begin MonoManager ReloadAssembly
Registering precompiled unity dll's ...
Register platform support module: C:/Program Files/Unity/Hub/Editor/2021.3.19f1/Editor/Data/PlaybackEngines/WebGLSupport/UnityEditor.WebGL.Extensions.dll
Register platform support module: C:/Program Files/Unity/Hub/Editor/2021.3.19f1/Editor/Data/PlaybackEngines/AndroidPlayer/UnityEditor.Android.Extensions.dll
Register platform support module: C:/Program Files/Unity/Hub/Editor/2021.3.19f1/Editor/Data/PlaybackEngines/iOSSupport/UnityEditor.iOS.Extensions.dll
Register platform support module: C:/Program Files/Unity/Hub/Editor/2021.3.19f1/Editor/Data/PlaybackEngines/WindowsStandaloneSupport/UnityEditor.WindowsStandalone.Extensions.dll
Register platform support module: C:/Program Files/Unity/Hub/Editor/2021.3.19f1/Editor/Data/PlaybackEngines/MetroSupport/UnityEditor.UWP.Extensions.dll
Registered in 0.006640 seconds.
Native extension for UWP target not found
Native extension for WindowsStandalone target not found
[usbmuxd] Start listen thread
[usbmuxd] Listen thread started
Native extension for iOS target not found
Native extension for Android target not found
Android Extension - Scanning For ADB Devices 190 ms
Native extension for WebGL target not found
Refreshing native plugins compatible for Editor in 87.79 ms, found 12 plugins.
Preloading 1 native plugins for Editor in 0.04 ms.
Mono: successfully reloaded assembly
- Completed reload, in  0.690 seconds
Domain Reload Profiling:
	ReloadAssembly (691ms)
		BeginReloadAssembly (56ms)
			ExecutionOrderSort (0ms)
			DisableScriptedObjects (0ms)
			BackupInstance (0ms)
			ReleaseScriptingObjects (0ms)
			CreateAndSetChildDomain (1ms)
		EndReloadAssembly (556ms)
			LoadAssemblies (55ms)
			RebuildTransferFunctionScriptingTraits (0ms)
			SetupTypeCache (74ms)
			ReleaseScriptCaches (0ms)
			RebuildScriptCaches (22ms)
			SetupLoadedEditorAssemblies (421ms)
				LogAssemblyErrors (0ms)
				InitializePlatformSupportModulesInManaged (243ms)
				SetLoadedEditorAssemblies (0ms)
				RefreshPlugins (88ms)
				BeforeProcessingInitializeOnLoad (1ms)
				ProcessInitializeOnLoadAttributes (60ms)
				ProcessInitializeOnLoadMethodAttributes (29ms)
				AfterProcessingInitializeOnLoad (0ms)
				EditorAssembliesLoaded (0ms)
			ExecutionOrderSort2 (0ms)
			AwakeInstancesAfterBackupRestoration (0ms)
Platform modules already initialized, skipping
Registering precompiled user dll's ...
Registered in 0.003857 seconds.
Begin MonoManager ReloadAssembly
Native extension for UWP target not found
Native extension for WindowsStandalone target not found
Native extension for iOS target not found
Native extension for Android target not found
Native extension for WebGL target not found
Refreshing native plugins compatible for Editor in 92.64 ms, found 12 plugins.
Preloading 1 native plugins for Editor in 0.03 ms.
Package Manager log level set to [2]
System.Reflection.TargetInvocationException: Exception has been thrown by the target of an invocation. ---> System.NullReferenceException: Object reference not set to an instance of an object
  at Unity.XR.Oculus.OculusLoader.AssetPathToAbsolutePath (System.String assetPath) [0x0003d] in D:\Unity projects\VR-Room\Library\PackageCache\com.unity.xr.oculus@3.2.2\Runtime\OculusLoader.cs:296 
  at Unity.XR.Oculus.OculusLoader.EditorLoadOVRPlugin () [0x0007b] in D:\Unity projects\VR-Room\Library\PackageCache\com.unity.xr.oculus@3.2.2\Runtime\OculusLoader.cs:281 
  at (wrapper managed-to-native) System.Reflection.RuntimeMethodInfo.InternalInvoke(System.Reflection.RuntimeMethodInfo,object,object[],System.Exception&)
  at System.Reflection.RuntimeMethodInfo.Invoke (System.Object obj, System.Reflection.BindingFlags invokeAttr, System.Reflection.Binder binder, System.Object[] parameters, System.Globalization.CultureInfo culture) [0x0006a] in <03bd9b261dff4c2b8b568aca27f561b2>:0 
   --- End of inner exception stack trace ---
  at System.Reflection.RuntimeMethodInfo.Invoke (System.Object obj, System.Reflection.BindingFlags invokeAttr, System.Reflection.Binder binder, System.Object[] parameters, System.Globalization.CultureInfo culture) [0x00083] in <03bd9b261dff4c2b8b568aca27f561b2>:0 
  at System.Reflection.MethodBase.Invoke (System.Object obj, System.Object[] parameters) [0x00000] in <03bd9b261dff4c2b8b568aca27f561b2>:0 
  at UnityEditor.EditorAssemblies.ProcessInitializeOnLoadMethodAttributes () [0x000a5] in <7fef092428a04dc89d2aa6ad3ce5d856>:0 
UnityEngine.StackTraceUtility:ExtractStackTrace ()
UnityEngine.DebugLogHandler:LogFormat (UnityEngine.LogType,UnityEngine.Object,string,object[])
UnityEngine.Logger:Log (UnityEngine.LogType,object)
UnityEngine.Debug:LogError (object)
UnityEditor.EditorAssemblies:ProcessInitializeOnLoadMethodAttributes ()

Mono: successfully reloaded assembly
- Completed reload, in  1.230 seconds
Domain Reload Profiling:
	ReloadAssembly (1231ms)
		BeginReloadAssembly (85ms)
			ExecutionOrderSort (0ms)
			DisableScriptedObjects (4ms)
			BackupInstance (0ms)
			ReleaseScriptingObjects (0ms)
			CreateAndSetChildDomain (15ms)
		EndReloadAssembly (1050ms)
			LoadAssemblies (65ms)
			RebuildTransferFunctionScriptingTraits (0ms)
			SetupTypeCache (230ms)
			ReleaseScriptCaches (1ms)
			RebuildScriptCaches (50ms)
			SetupLoadedEditorAssemblies (672ms)
				LogAssemblyErrors (0ms)
				InitializePlatformSupportModulesInManaged (19ms)
				SetLoadedEditorAssemblies (0ms)
				RefreshPlugins (93ms)
				BeforeProcessingInitializeOnLoad (87ms)
				ProcessInitializeOnLoadAttributes (360ms)
				ProcessInitializeOnLoadMethodAttributes (108ms)
				AfterProcessingInitializeOnLoad (5ms)
				EditorAssembliesLoaded (0ms)
			ExecutionOrderSort2 (0ms)
			AwakeInstancesAfterBackupRestoration (4ms)
Platform modules already initialized, skipping
========================================================================
Worker process is ready to serve import requests
Launched and connected shader compiler UnityShaderCompiler.exe after 0.03 seconds
Refreshing native plugins compatible for Editor in 1.36 ms, found 12 plugins.
Preloading 1 native plugins for Editor in 0.07 ms.
Unloading 6199 Unused Serialized files (Serialized files now loaded: 0)
Unloading 66 unused Assets / (0.7 MB). Loaded Objects now: 6686.
Memory consumption went from 244.7 MB to 244.0 MB.
Total: 5.568700 ms (FindLiveObjects: 0.584800 ms CreateObjectMapping: 0.375600 ms MarkObjects: 4.125200 ms  DeleteObjects: 0.481300 ms)

AssetImportParameters requested are different than current active one (requested -> active):
  custom:video-decoder-ogg-theora: a1e56fd34408186e4bbccfd4996cb3dc -> 
  custom:container-muxer-webm: aa71ff27fc2769a1b78a27578f13a17b -> 
  custom:container-demuxer-webm: 4f35f7cbe854078d1ac9338744f61a02 -> 
  custom:video-encoder-webm-vp8: eb34c28f22e8b96e1ab97ce403110664 -> 
  custom:audio-encoder-webm-vorbis: bf7c407c2cedff20999df2af8eb42d56 -> 
  custom:framework-win-MediaFoundation: 216162199b28c13a410421893ffa2e32 -> 
  custom:container-demuxer-ogg: 62fdf1f143b41e24485cea50d1cbac27 -> 
  custom:video-decoder-webm-vp8: 9c59270c3fd7afecdb556c50c9e8de78 -> 
  custom:audio-decoder-ogg-vorbis: bf7c407c2cedff20999df2af8eb42d56 -> 
========================================================================
Received Import Request.
  Time since last request: 607784.380039 seconds.
  path: Assets/SciFi Warehouse Kit/Demo/Scene
  artifactKey: Guid(a072680649fea4544960d94cd5550b10) Importer(815301076,1909f56bfc062723c751e8b465ee728b)
Start importing Assets/SciFi Warehouse Kit/Demo/Scene using Guid(a072680649fea4544960d94cd5550b10) Importer(815301076,1909f56bfc062723c751e8b465ee728b)  -> (artifact id: 'd121ecca2914f34af11443fda64a1568') in 0.015074 seconds 
========================================================================
Received Import Request.
  Time since last request: 16.276911 seconds.
  path: Assets/SciFi Warehouse Kit/Art/Materials/barrel_s.mat
  artifactKey: Guid(61618e2271b3bdb47b5b4c628d9b092c) Importer(815301076,1909f56bfc062723c751e8b465ee728b)
Start importing Assets/SciFi Warehouse Kit/Art/Materials/barrel_s.mat using Guid(61618e2271b3bdb47b5b4c628d9b092c) Importer(815301076,1909f56bfc062723c751e8b465ee728b)  -> (artifact id: '040757c924e28a22079c0d854221cf20') in 0.258831 seconds 
========================================================================
Received Import Request.
  Time since last request: 0.000029 seconds.
  path: Assets/SciFi Warehouse Kit/Art/Materials/Bay Door Mat.mat
  artifactKey: Guid(539deafe5793ec347a4a6f6754e3393c) Importer(815301076,1909f56bfc062723c751e8b465ee728b)
Start importing Assets/SciFi Warehouse Kit/Art/Materials/Bay Door Mat.mat using Guid(539deafe5793ec347a4a6f6754e3393c) Importer(815301076,1909f56bfc062723c751e8b465ee728b)  -> (artifact id: 'de138d8ec09e1be82ce68074ea44fc9e') in 0.095326 seconds 
========================================================================
Received Import Request.
  Time since last request: 0.000043 seconds.
  path: Assets/SciFi Warehouse Kit/Art/Materials/Shelf Trans Mat.mat
  artifactKey: Guid(b95048f5a5f84304d96d6f5e61414ed2) Importer(815301076,1909f56bfc062723c751e8b465ee728b)
Start importing Assets/SciFi Warehouse Kit/Art/Materials/Shelf Trans Mat.mat using Guid(b95048f5a5f84304d96d6f5e61414ed2) Importer(815301076,1909f56bfc062723c751e8b465ee728b)  -> (artifact id: '2999c3c6d3ab926b6b6e39ace12e659b') in 0.119371 seconds 
========================================================================
Received Import Request.
  Time since last request: 0.000033 seconds.
  path: Assets/SciFi Warehouse Kit/Art/Materials/Structure Trans Mat.mat
  artifactKey: Guid(8daecc76e81cf114c9854e9ee5a2526a) Importer(815301076,1909f56bfc062723c751e8b465ee728b)
Start importing Assets/SciFi Warehouse Kit/Art/Materials/Structure Trans Mat.mat using Guid(8daecc76e81cf114c9854e9ee5a2526a) Importer(815301076,1909f56bfc062723c751e8b465ee728b)  -> (artifact id: '7b4452a4206af5820cd814ff0016b3b5') in 0.095411 seconds 
========================================================================
Received Import Request.
  Time since last request: 0.000043 seconds.
  path: Assets/SciFi Warehouse Kit/Art/Materials/Ducts Pillars Mat.mat
  artifactKey: Guid(7a1ba1f8a9db2764ca5dab2fefd28478) Importer(815301076,1909f56bfc062723c751e8b465ee728b)
Start importing Assets/SciFi Warehouse Kit/Art/Materials/Ducts Pillars Mat.mat using Guid(7a1ba1f8a9db2764ca5dab2fefd28478) Importer(815301076,1909f56bfc062723c751e8b465ee728b)  -> (artifact id: '13b006d6fa85cac046f37e6dfb5e264b') in 0.063245 seconds 
========================================================================
Received Import Request.
  Time since last request: 0.000034 seconds.
  path: Assets/SciFi Warehouse Kit/Art/Materials/Shelf Mat.mat
  artifactKey: Guid(1abdbba98f8ab9e4c99e138c1480ceaa) Importer(815301076,1909f56bfc062723c751e8b465ee728b)
Start importing Assets/SciFi Warehouse Kit/Art/Materials/Shelf Mat.mat using Guid(1abdbba98f8ab9e4c99e138c1480ceaa) Importer(815301076,1909f56bfc062723c751e8b465ee728b)  -> (artifact id: '690a4a330b69f54037c51df33e2bc5dc') in 0.089749 seconds 
========================================================================
Received Import Request.
  Time since last request: 0.000029 seconds.
  path: Assets/SciFi Warehouse Kit/Art/Materials/Walls Alpha.mat
  artifactKey: Guid(9105cf4bbc4fb31479e2afe3138479a0) Importer(815301076,1909f56bfc062723c751e8b465ee728b)
Start importing Assets/SciFi Warehouse Kit/Art/Materials/Walls Alpha.mat using Guid(9105cf4bbc4fb31479e2afe3138479a0) Importer(815301076,1909f56bfc062723c751e8b465ee728b)  -> (artifact id: 'e73df6b317d33a6ffbeb8bc265e8445c') in 0.075533 seconds 
========================================================================
Received Import Request.
  Time since last request: 0.000023 seconds.
  path: Assets/SciFi Warehouse Kit/Art/Materials/Walls.mat
  artifactKey: Guid(d893f707bc253a84aa1e7d87361c830a) Importer(815301076,1909f56bfc062723c751e8b465ee728b)
Start importing Assets/SciFi Warehouse Kit/Art/Materials/Walls.mat using Guid(d893f707bc253a84aa1e7d87361c830a) Importer(815301076,1909f56bfc062723c751e8b465ee728b)  -> (artifact id: 'b8762d3378c0608b55ce8ce87f31403f') in 0.070111 seconds 
========================================================================
Received Import Request.
  Time since last request: 0.000027 seconds.
  path: Assets/SciFi Warehouse Kit/Art/Materials/Ceiling Mat.mat
  artifactKey: Guid(03f6be1764ac1eb4782330625ff6e188) Importer(815301076,1909f56bfc062723c751e8b465ee728b)
Start importing Assets/SciFi Warehouse Kit/Art/Materials/Ceiling Mat.mat using Guid(03f6be1764ac1eb4782330625ff6e188) Importer(815301076,1909f56bfc062723c751e8b465ee728b)  -> (artifact id: '497828adebb6c1bd891f1d86b43d1ac0') in 0.064686 seconds 
========================================================================
Received Import Request.
  Time since last request: 0.000033 seconds.
  path: Assets/SciFi Warehouse Kit/Art/Materials/Catwalk Mat.mat
  artifactKey: Guid(e5a4594bfee8a254c9815e1b311f27d6) Importer(815301076,1909f56bfc062723c751e8b465ee728b)
Start importing Assets/SciFi Warehouse Kit/Art/Materials/Catwalk Mat.mat using Guid(e5a4594bfee8a254c9815e1b311f27d6) Importer(815301076,1909f56bfc062723c751e8b465ee728b)  -> (artifact id: 'da398c047d524561d220b1eb3525a497') in 0.236642 seconds 
========================================================================
Received Import Request.
  Time since last request: 0.000036 seconds.
  path: Assets/SciFi Warehouse Kit/Art/Materials/Stairs Trans Mat.mat
  artifactKey: Guid(1df9dc61ea6b6c849b9e221d26f156bd) Importer(815301076,1909f56bfc062723c751e8b465ee728b)
Start importing Assets/SciFi Warehouse Kit/Art/Materials/Stairs Trans Mat.mat using Guid(1df9dc61ea6b6c849b9e221d26f156bd) Importer(815301076,1909f56bfc062723c751e8b465ee728b)  -> (artifact id: '39ea0e178f6bd93826171f590bcfa159') in 0.076613 seconds 
========================================================================
Received Import Request.
  Time since last request: 0.000055 seconds.
  path: Assets/SciFi Warehouse Kit/Art/Materials/Light Mat.mat
  artifactKey: Guid(bc9fc69a1c4243343bff25dd7532a1b0) Importer(815301076,1909f56bfc062723c751e8b465ee728b)
Start importing Assets/SciFi Warehouse Kit/Art/Materials/Light Mat.mat using Guid(bc9fc69a1c4243343bff25dd7532a1b0) Importer(815301076,1909f56bfc062723c751e8b465ee728b)  -> (artifact id: '8e2ce043b35232f08bf48d2974efb0b2') in 0.013847 seconds 
========================================================================
Received Import Request.
  Time since last request: 0.000034 seconds.
  path: Assets/SciFi Warehouse Kit/Art/Materials/Stairs Mat.mat
  artifactKey: Guid(8c4847c8d50a57747abfb7f8b3da7863) Importer(815301076,1909f56bfc062723c751e8b465ee728b)
Start importing Assets/SciFi Warehouse Kit/Art/Materials/Stairs Mat.mat using Guid(8c4847c8d50a57747abfb7f8b3da7863) Importer(815301076,1909f56bfc062723c751e8b465ee728b)  -> (artifact id: '3529e952aa0435a6c646abfa19ce555a') in 0.076209 seconds 
========================================================================
Received Import Request.
  Time since last request: 0.000020 seconds.
  path: Assets/SciFi Warehouse Kit/Art/Materials/Fan Mat.mat
  artifactKey: Guid(f2506252823082947ac9c5bd934e0ba4) Importer(815301076,1909f56bfc062723c751e8b465ee728b)
Start importing Assets/SciFi Warehouse Kit/Art/Materials/Fan Mat.mat using Guid(f2506252823082947ac9c5bd934e0ba4) Importer(815301076,1909f56bfc062723c751e8b465ee728b)  -> (artifact id: '825b2a7881d9d7be5b212857ca9ec857') in 0.069706 seconds 
========================================================================
Received Import Request.
  Time since last request: 0.000028 seconds.
  path: Assets/SciFi Warehouse Kit/Art/Materials/Sign Red.mat
  artifactKey: Guid(104dfe4e9eaf15e42b9645fc2a6f54eb) Importer(815301076,1909f56bfc062723c751e8b465ee728b)
Start importing Assets/SciFi Warehouse Kit/Art/Materials/Sign Red.mat using Guid(104dfe4e9eaf15e42b9645fc2a6f54eb) Importer(815301076,1909f56bfc062723c751e8b465ee728b)  -> (artifact id: 'a55e3e325ce92cd539fb82662ff9ab3f') in 0.011548 seconds 
========================================================================
Received Import Request.
  Time since last request: 0.000027 seconds.
  path: Assets/SciFi Warehouse Kit/Art/Materials/Structure Mat.mat
  artifactKey: Guid(8ff1df6862ae9684eb34810df64bc115) Importer(815301076,1909f56bfc062723c751e8b465ee728b)
Start importing Assets/SciFi Warehouse Kit/Art/Materials/Structure Mat.mat using Guid(8ff1df6862ae9684eb34810df64bc115) Importer(815301076,1909f56bfc062723c751e8b465ee728b)  -> (artifact id: '2a4f43d317925010250891701bc0df73') in 0.069634 seconds 
========================================================================
Received Import Request.
  Time since last request: 0.000031 seconds.
  path: Assets/SciFi Warehouse Kit/Art/Materials/Windows.mat
  artifactKey: Guid(eb79ec0657b7d6c48942befc5d7b2c37) Importer(815301076,1909f56bfc062723c751e8b465ee728b)
Start importing Assets/SciFi Warehouse Kit/Art/Materials/Windows.mat using Guid(eb79ec0657b7d6c48942befc5d7b2c37) Importer(815301076,1909f56bfc062723c751e8b465ee728b)  -> (artifact id: '84abacaf2afcaeec6cff015ac6884850') in 0.075377 seconds 
========================================================================
Received Import Request.
  Time since last request: 0.000041 seconds.
  path: Assets/SciFi Warehouse Kit/Art/Materials/Light Fixture Mat.mat
  artifactKey: Guid(bb2d88d2112f74d4b8dfef23a4b5d31d) Importer(815301076,1909f56bfc062723c751e8b465ee728b)
Start importing Assets/SciFi Warehouse Kit/Art/Materials/Light Fixture Mat.mat using Guid(bb2d88d2112f74d4b8dfef23a4b5d31d) Importer(815301076,1909f56bfc062723c751e8b465ee728b)  -> (artifact id: 'a8d904833d890bf008fb44c81bd483b6') in 0.064447 seconds 
========================================================================
Received Import Request.
  Time since last request: 0.000023 seconds.
  path: Assets/SciFi Warehouse Kit/Art/Meshes/Structures/Walls/Wall Corridor Entrance.fbx
  artifactKey: Guid(909005b28345a69478157c4b0dccc3bd) Importer(815301076,1909f56bfc062723c751e8b465ee728b)
Start importing Assets/SciFi Warehouse Kit/Art/Meshes/Structures/Walls/Wall Corridor Entrance.fbx using Guid(909005b28345a69478157c4b0dccc3bd) Importer(815301076,1909f56bfc062723c751e8b465ee728b)  -> (artifact id: 'ae6fa11cfa9797eba7441bcfa4a09fcb') in 0.124058 seconds 
========================================================================
Received Import Request.
  Time since last request: 0.000024 seconds.
  path: Assets/SciFi Warehouse Kit/Art/Materials/Pallet Mat.mat
  artifactKey: Guid(e2f46f807b3b19a4491e113702211cde) Importer(815301076,1909f56bfc062723c751e8b465ee728b)
Start importing Assets/SciFi Warehouse Kit/Art/Materials/Pallet Mat.mat using Guid(e2f46f807b3b19a4491e113702211cde) Importer(815301076,1909f56bfc062723c751e8b465ee728b)  -> (artifact id: '6b75cb2a3681c412dc65ce110fcb8d84') in 0.084722 seconds 
========================================================================
Received Import Request.
  Time since last request: 0.000029 seconds.
  path: Assets/SciFi Warehouse Kit/Art/Materials/Light Colored Mat.mat
  artifactKey: Guid(367e87b4150214b41963e70ca94a8f27) Importer(815301076,1909f56bfc062723c751e8b465ee728b)
Start importing Assets/SciFi Warehouse Kit/Art/Materials/Light Colored Mat.mat using Guid(367e87b4150214b41963e70ca94a8f27) Importer(815301076,1909f56bfc062723c751e8b465ee728b)  -> (artifact id: 'c647953e215a69c8a7487809434e44da') in 0.010235 seconds 
Editor requested this worker to shutdown with reason: Scaling down because of idle timeout
AssetImportWorker is now disconnected from the server
Process exiting
Exiting without the bug reporter. Application will terminate with return code 0